#-----------------------------------------------------------
# Vivado v2019.2 (64-bit)
# SW Build 2708876 on Wed Nov  6 21:40:23 MST 2019
# IP Build 2700528 on Thu Nov  7 00:09:20 MST 2019
# Start of session at: Fri Apr 21 18:09:07 2023
# Process ID: 25220
# Current directory: D:/my_project/COS/2/MIPS_IO
# Command line: vivado.exe -gui_launcher_event rodinguilauncherevent25092 D:\my_project\COS\2\MIPS_IO\MIPS_IO.xpr
# Log file: D:/my_project/COS/2/MIPS_IO/vivado.log
# Journal file: D:/my_project/COS/2/MIPS_IO\vivado.jou
#-----------------------------------------------------------
start_gui
open_project D:/my_project/COS/2/MIPS_IO/MIPS_IO.xpr
Scanning sources...
Finished scanning sources
INFO: [IP_Flow 19-234] Refreshing IP repositories
INFO: [IP_Flow 19-1704] No user IP repositories specified
INFO: [IP_Flow 19-2313] Loaded Vivado IP repository 'D:/software/Xilinx/Vivado/2019.2/data/ip'.
update_compile_order -fileset sources_1
exit
INFO: [Common 17-206] Exiting Vivado at Fri Apr 21 18:21:05 2023...
