#-----------------------------------------------------------
# Vivado v2019.2 (64-bit)
# SW Build 2708876 on Wed Nov  6 21:40:23 MST 2019
# IP Build 2700528 on Thu Nov  7 00:09:20 MST 2019
# Start of session at: Wed Apr 12 07:53:24 2023
# Process ID: 43268
# Current directory: D:/my_project/COS/2/MIPS
# Command line: vivado.exe -gui_launcher_event rodinguilauncherevent9220 D:\my_project\COS\2\MIPS\MIPS.xpr
# Log file: D:/my_project/COS/2/MIPS/vivado.log
# Journal file: D:/my_project/COS/2/MIPS\vivado.jou
#-----------------------------------------------------------
start_gui
open_project D:/my_project/COS/2/MIPS/MIPS.xpr
Scanning sources...
Finished scanning sources
INFO: [IP_Flow 19-234] Refreshing IP repositories
INFO: [IP_Flow 19-1704] No user IP repositories specified
INFO: [IP_Flow 19-2313] Loaded Vivado IP repository 'D:/software/Xilinx/Vivado/2019.2/data/ip'.
open_project: Time (s): cpu = 00:00:06 ; elapsed = 00:00:06 . Memory (MB): peak = 684.867 ; gain = 46.168
exit
INFO: [Common 17-206] Exiting Vivado at Wed Apr 12 08:00:23 2023...
